<?xml version="1.0" encoding="utf-8"?><testsuites name="pytest tests"><testsuite name="pytest" errors="0" failures="0" skipped="0" tests="13" time="0.789" timestamp="2026-02-05T02:32:41.607225+00:00" hostname="agent-env-d6160a21-dc31-4ebc-a0b0-f0332e89a376"><testcase classname="backend.tests.test_api.TestRootEndpoint" name="test_root_returns_webenablix_message" time="0.099" /><testcase classname="backend.tests.test_api.TestAuditEndpoint" name="test_audit_with_valid_url" time="0.043" /><testcase classname="backend.tests.test_api.TestAuditEndpoint" name="test_audit_with_url_without_protocol" time="0.034" /><testcase classname="backend.tests.test_api.TestAuditEndpoint" name="test_audit_with_invalid_url" time="0.038" /><testcase classname="backend.tests.test_api.TestAuditsHistory" name="test_get_audits_list" time="0.045" /><testcase classname="backend.tests.test_api.TestLeadsEndpoint" name="test_create_lead" time="0.055" /><testcase classname="backend.tests.test_api.TestLeadsEndpoint" name="test_create_lead_invalid_email" time="0.041" /><testcase classname="backend.tests.test_api.TestLeadsEndpoint" name="test_get_leads_list" time="0.042" /><testcase classname="backend.tests.test_api.TestContactEndpoint" name="test_create_contact" time="0.040" /><testcase classname="backend.tests.test_api.TestContactEndpoint" name="test_get_contacts_list" time="0.040" /><testcase classname="backend.tests.test_api.TestStatsEndpoint" name="test_get_stats" time="0.051" /><testcase classname="backend.tests.test_api.TestStatusEndpoint" name="test_create_status_check" time="0.044" /><testcase classname="backend.tests.test_api.TestStatusEndpoint" name="test_get_status_checks" time="0.039" /></testsuite></testsuites>